#%# Inp:  1-nbpart: 10  2-dt: 1  3-nbstep: 10  4-print: 2  5-blocksz: 32  arrsize: 80  gridsz: 1  dbl-sz: 8

#%# Finished Allocating device memory
#%# Finished cudaMemcpyHostToDevice
#%# finished cudaMemcpyDeviceToHost
#%# --------------------------------------------------------------------

10	0.923246	0.953498	-0.190565	0	-0.285847	-1.43025	0	0	0	0	0.956438	-0.268944	0.775616	0	1.16342	0.403416	0	0	0	0	0.971516	0.189148	0.726091	0	1.08914	-0.283722	0	0	0	0	0.926494	0.22485	-1.19957	0	-1.79936	-0.337274	0	0	0	0	0.989286	0.542291	0.531045	0	0.796567	-0.813436	0	0	0	0	0.910752	-0.860511	-0.0696165	0	-0.104425	1.29077	0	0	0	0	0.935836	1.62768	-1.09028	0	-1.63542	-2.44152	0	0	0	0	0.97332	-0.729552	-0.78574	0	-1.17861	1.09433	0	0	0	0	0.922497	1.38548	-0.672552	0	-1.00883	-2.07822	0	0	0	0	0.9098	0.93169	0.589635	0	0.884453	-1.39753	0	0	0	0	
#%# finished reset_force
#%# finished update_force
#%# finished update_velocities_positions
#%# finished reset_force
#%# finished update_force
#%# finished update_velocities_positions
#%# finished cudaMemcpyDeviceToHost
#%# --------------------------------------------------------------------

10	0.923246	0.381804	-3.05106	0	-0.285847	-1.43025	0	0	0	0	0.956438	2.0579	1.58245	0	1.16342	0.403416	0	0	0	0	0.971516	2.36742	0.158647	0	1.08914	-0.283722	0	0	0	0	0.926494	-3.37386	-1.87412	0	-1.79936	-0.337274	0	0	0	0	0.989286	2.13543	-1.09583	0	0.796567	-0.813436	0	0	0	0	0.910752	-1.06936	2.51192	0	-0.104425	1.29077	0	0	0	0	0.935836	-1.64315	-5.97331	0	-1.63542	-2.44152	0	0	0	0	0.97332	-3.08677	1.40292	0	-1.17861	1.09433	0	0	0	0	0.922497	-0.632177	-4.82899	0	-1.00883	-2.07822	0	0	0	0	0.9098	2.7006	-2.20543	0	0.884453	-1.39753	0	0	0	0	
#%# finished reset_force
#%# finished update_force
#%# finished update_velocities_positions
#%# finished reset_force
#%# finished update_force
#%# finished update_velocities_positions
#%# finished cudaMemcpyDeviceToHost
#%# --------------------------------------------------------------------

10	0.923246	-0.18989	-5.91156	0	-0.285847	-1.43025	0	0	0	0	0.956438	4.38475	2.38928	0	1.16342	0.403416	0	0	0	0	0.971516	4.54569	-0.408796	0	1.08914	-0.283722	0	0	0	0	0.926494	-6.97258	-2.54867	0	-1.79936	-0.337274	0	0	0	0	0.989286	3.72856	-2.7227	0	0.796567	-0.813436	0	0	0	0	0.910752	-1.27821	5.09345	0	-0.104425	1.29077	0	0	0	0	0.935836	-4.91399	-10.8563	0	-1.63542	-2.44152	0	0	0	0	0.97332	-5.44399	3.59157	0	-1.17861	1.09433	0	0	0	0	0.922497	-2.64983	-8.98543	0	-1.00883	-2.07822	0	0	0	0	0.9098	4.4695	-5.0005	0	0.884453	-1.39753	0	0	0	0	
#%# finished reset_force
#%# finished update_force
#%# finished update_velocities_positions
#%# finished reset_force
#%# finished update_force
#%# finished update_velocities_positions
#%# finished cudaMemcpyDeviceToHost
#%# --------------------------------------------------------------------

10	0.923246	-0.761585	-8.77205	0	-0.285847	-1.43025	0	0	0	0	0.956438	6.7116	3.19611	0	1.16342	0.403416	0	0	0	0	0.971516	6.72396	-0.976239	0	1.08914	-0.283722	0	0	0	0	0.926494	-10.5713	-3.22322	0	-1.79936	-0.337274	0	0	0	0	0.989286	5.32169	-4.34957	0	0.796567	-0.813436	0	0	0	0	0.910752	-1.48706	7.67498	0	-0.104425	1.29077	0	0	0	0	0.935836	-8.18482	-15.7394	0	-1.63542	-2.44152	0	0	0	0	0.97332	-7.80121	5.78023	0	-1.17861	1.09433	0	0	0	0	0.922497	-4.66749	-13.1419	0	-1.00883	-2.07822	0	0	0	0	0.9098	6.23841	-7.79557	0	0.884453	-1.39753	0	0	0	0	
#%# finished reset_force
#%# finished update_force
#%# finished update_velocities_positions
#%# finished reset_force
#%# finished update_force
#%# finished update_velocities_positions
#%# finished cudaMemcpyDeviceToHost
#%# --------------------------------------------------------------------

10	0.923246	-1.33328	-11.6325	0	-0.285847	-1.43025	0	0	0	0	0.956438	9.03845	4.00294	0	1.16342	0.403416	0	0	0	0	0.971516	8.90223	-1.54368	0	1.08914	-0.283722	0	0	0	0	0.926494	-14.17	-3.89777	0	-1.79936	-0.337274	0	0	0	0	0.989286	6.91483	-5.97644	0	0.796567	-0.813436	0	0	0	0	0.910752	-1.69591	10.2565	0	-0.104425	1.29077	0	0	0	0	0.935836	-11.4557	-20.6224	0	-1.63542	-2.44152	0	0	0	0	0.97332	-10.1584	7.96888	0	-1.17861	1.09433	0	0	0	0	0.922497	-6.68515	-17.2983	0	-1.00883	-2.07822	0	0	0	0	0.9098	8.00731	-10.5906	0	0.884453	-1.39753	0	0	0	0	
#%# finished reset_force
#%# finished update_force
#%# finished update_velocities_positions
#%# finished reset_force
#%# finished update_force
#%# finished update_velocities_positions
#%# finished cudaFree
